{"E:\\GitHub\\Mongo-ORM\\src\\Connection.ts": {"path":"E:\\GitHub\\Mongo-ORM\\src\\Connection.ts","statementMap":{"0":{"start":{"line":7,"column":0},"end":{"line":7,"column":42}},"1":{"start":{"line":9,"column":0},"end":{"line":9,"column":32}},"2":{"start":{"line":10,"column":0},"end":{"line":10,"column":20}},"3":{"start":{"line":11,"column":0},"end":{"line":11,"column":24}},"4":{"start":{"line":40,"column":25},"end":{"line":40,"column":78}},"5":{"start":{"line":41,"column":19},"end":{"line":41,"column":83}},"6":{"start":{"line":42,"column":4},"end":{"line":65,"column":7}},"7":{"start":{"line":43,"column":6},"end":{"line":43,"column":48}},"8":{"start":{"line":45,"column":6},"end":{"line":64,"column":60}},"9":{"start":{"line":47,"column":8},"end":{"line":57,"column":null}},"10":{"start":{"line":48,"column":38},"end":{"line":48,"column":66}},"11":{"start":{"line":49,"column":10},"end":{"line":54,"column":13}},"12":{"start":{"line":50,"column":30},"end":{"line":50,"column":60}},"13":{"start":{"line":51,"column":31},"end":{"line":51,"column":57}},"14":{"start":{"line":52,"column":12},"end":{"line":52,"column":96}},"15":{"start":{"line":52,"column":67},"end":{"line":52,"column":96}},"16":{"start":{"line":53,"column":12},"end":{"line":53,"column":48}},"17":{"start":{"line":56,"column":10},"end":{"line":56,"column":46}},"18":{"start":{"line":58,"column":8},"end":{"line":61,"column":83}},"19":{"start":{"line":59,"column":10},"end":{"line":59,"column":47}},"20":{"start":{"line":61,"column":10},"end":{"line":61,"column":83}},"21":{"start":{"line":63,"column":8},"end":{"line":63,"column":43}},"22":{"start":{"line":64,"column":13},"end":{"line":64,"column":60}},"23":{"start":{"line":82,"column":4},"end":{"line":90,"column":null}},"24":{"start":{"line":83,"column":6},"end":{"line":89,"column":null}},"25":{"start":{"line":84,"column":8},"end":{"line":88,"column":null}},"26":{"start":{"line":85,"column":10},"end":{"line":85,"column":24}},"27":{"start":{"line":87,"column":10},"end":{"line":87,"column":38}},"28":{"start":{"line":91,"column":4},"end":{"line":91,"column":13}},"29":{"start":{"line":29,"column":9},"end":{"line":29,"column":31}},"30":{"start":{"line":95,"column":0},"end":{"line":95,"column":26}}},"fnMap":{"0":{"name":"(anonymous_1)","decl":{"start":{"line":39,"column":2},"end":{"line":39,"column":14}},"loc":{"start":{"line":39,"column":84},"end":{"line":66,"column":3}}},"1":{"name":"(anonymous_2)","decl":{"start":{"line":42,"column":26},"end":{"line":42,"column":29}},"loc":{"start":{"line":42,"column":31},"end":{"line":65,"column":5}}},"2":{"name":"(anonymous_3)","decl":{"start":{"line":49,"column":38},"end":{"line":49,"column":39}},"loc":{"start":{"line":49,"column":48},"end":{"line":54,"column":11}}},"3":{"name":"(anonymous_4)","decl":{"start":{"line":81,"column":9},"end":{"line":81,"column":15}},"loc":{"start":{"line":81,"column":40},"end":{"line":92,"column":3}}}},"branchMap":{"0":{"loc":{"start":{"line":40,"column":25},"end":{"line":40,"column":78}},"type":"binary-expr","locations":[{"start":{"line":40,"column":25},"end":{"line":40,"column":34}},{"start":{"line":40,"column":38},"end":{"line":40,"column":78}}]},"1":{"loc":{"start":{"line":41,"column":35},"end":{"line":41,"column":82}},"type":"cond-expr","locations":[{"start":{"line":41,"column":42},"end":{"line":41,"column":76}},{"start":{"line":41,"column":79},"end":{"line":41,"column":82}}]},"2":{"loc":{"start":{"line":45,"column":6},"end":{"line":64,"column":60}},"type":"if","locations":[{"start":{"line":45,"column":6},"end":{"line":64,"column":60}},{"start":{"line":64,"column":13},"end":{"line":64,"column":60}}]},"3":{"loc":{"start":{"line":52,"column":12},"end":{"line":52,"column":96}},"type":"if","locations":[{"start":{"line":52,"column":12},"end":{"line":52,"column":96}}]},"4":{"loc":{"start":{"line":58,"column":8},"end":{"line":61,"column":83}},"type":"if","locations":[{"start":{"line":58,"column":8},"end":{"line":61,"column":83}},{"start":{"line":61,"column":10},"end":{"line":61,"column":83}}]},"5":{"loc":{"start":{"line":82,"column":4},"end":{"line":90,"column":null}},"type":"if","locations":[{"start":{"line":82,"column":4},"end":{"line":90,"column":null}}]},"6":{"loc":{"start":{"line":84,"column":8},"end":{"line":88,"column":null}},"type":"if","locations":[{"start":{"line":84,"column":8},"end":{"line":88,"column":null}},{"start":{"line":86,"column":15},"end":{"line":88,"column":null}}]}},"s":{"0":1,"1":1,"2":1,"3":1,"4":1,"5":1,"6":1,"7":0,"8":0,"9":0,"10":0,"11":0,"12":0,"13":0,"14":0,"15":0,"16":0,"17":0,"18":0,"19":0,"20":0,"21":0,"22":0,"23":0,"24":0,"25":0,"26":0,"27":0,"28":0,"29":1,"30":1},"f":{"0":1,"1":0,"2":0,"3":0},"b":{"0":[1,0],"1":[1,0],"2":[0,0],"3":[0],"4":[0,0],"5":[0],"6":[0,0]}}
,"E:\\GitHub\\Mongo-ORM\\src\\FieldTypes.ts": {"path":"E:\\GitHub\\Mongo-ORM\\src\\FieldTypes.ts","statementMap":{"0":{"start":{"line":14,"column":0},"end":{"line":23,"column":2}}},"fnMap":{},"branchMap":{},"s":{"0":1},"f":{},"b":{}}
,"E:\\GitHub\\Mongo-ORM\\src\\Message.ts": {"path":"E:\\GitHub\\Mongo-ORM\\src\\Message.ts","statementMap":{"0":{"start":{"line":15,"column":16},"end":{"line":22,"column":1}},"1":{"start":{"line":16,"column":28},"end":{"line":16,"column":38}},"2":{"start":{"line":17,"column":27},"end":{"line":17,"column":37}},"3":{"start":{"line":18,"column":29},"end":{"line":18,"column":38}},"4":{"start":{"line":19,"column":27},"end":{"line":19,"column":36}},"5":{"start":{"line":21,"column":2},"end":{"line":21,"column":96}},"6":{"start":{"line":24,"column":0},"end":{"line":24,"column":23}}},"fnMap":{"0":{"name":"(anonymous_0)","decl":{"start":{"line":15,"column":16},"end":{"line":15,"column":17}},"loc":{"start":{"line":15,"column":60},"end":{"line":22,"column":1}}}},"branchMap":{"0":{"loc":{"start":{"line":15,"column":34},"end":{"line":15,"column":56}},"type":"default-arg","locations":[{"start":{"line":15,"column":51},"end":{"line":15,"column":56}}]},"1":{"loc":{"start":{"line":21,"column":28},"end":{"line":21,"column":56}},"type":"cond-expr","locations":[{"start":{"line":21,"column":36},"end":{"line":21,"column":44}},{"start":{"line":21,"column":47},"end":{"line":21,"column":56}}]}},"s":{"0":1,"1":0,"2":0,"3":0,"4":0,"5":0,"6":1},"f":{"0":0},"b":{"0":[0],"1":[0,0]}}
,"E:\\GitHub\\Mongo-ORM\\src\\Model.ts": {"path":"E:\\GitHub\\Mongo-ORM\\src\\Model.ts","statementMap":{"0":{"start":{"line":6,"column":0},"end":{"line":6,"column":32}},"1":{"start":{"line":7,"column":0},"end":{"line":7,"column":42}},"2":{"start":{"line":26,"column":0},"end":{"line":26,"column":38}},"3":{"start":{"line":39,"column":10},"end":{"line":39,"column":29}},"4":{"start":{"line":46,"column":10},"end":{"line":46,"column":45}},"5":{"start":{"line":53,"column":10},"end":{"line":53,"column":45}},"6":{"start":{"line":60,"column":10},"end":{"line":63,"column":4}},"7":{"start":{"line":104,"column":2},"end":{"line":112,"column":4}},"8":{"start":{"line":105,"column":4},"end":{"line":110,"column":7}},"9":{"start":{"line":106,"column":58},"end":{"line":106,"column":60}},"10":{"start":{"line":107,"column":6},"end":{"line":107,"column":45}},"11":{"start":{"line":107,"column":24},"end":{"line":107,"column":45}},"12":{"start":{"line":108,"column":6},"end":{"line":108,"column":47}},"13":{"start":{"line":108,"column":22},"end":{"line":108,"column":47}},"14":{"start":{"line":109,"column":6},"end":{"line":109,"column":77}},"15":{"start":{"line":111,"column":4},"end":{"line":111,"column":89}},"16":{"start":{"line":129,"column":10},"end":{"line":148,"column":4}},"17":{"start":{"line":130,"column":4},"end":{"line":147,"column":null}},"18":{"start":{"line":131,"column":20},"end":{"line":131,"column":40}},"19":{"start":{"line":132,"column":21},"end":{"line":132,"column":31}},"20":{"start":{"line":133,"column":18},"end":{"line":133,"column":38}},"21":{"start":{"line":134,"column":20},"end":{"line":134,"column":31}},"22":{"start":{"line":136,"column":6},"end":{"line":143,"column":null}},"23":{"start":{"line":137,"column":8},"end":{"line":142,"column":11}},"24":{"start":{"line":144,"column":6},"end":{"line":144,"column":20}},"25":{"start":{"line":146,"column":6},"end":{"line":146,"column":24}},"26":{"start":{"line":158,"column":10},"end":{"line":173,"column":4}},"27":{"start":{"line":159,"column":4},"end":{"line":159,"column":88}},"28":{"start":{"line":159,"column":81},"end":{"line":159,"column":88}},"29":{"start":{"line":161,"column":4},"end":{"line":172,"column":98}},"30":{"start":{"line":162,"column":6},"end":{"line":162,"column":96}},"31":{"start":{"line":163,"column":9},"end":{"line":172,"column":98}},"32":{"start":{"line":164,"column":6},"end":{"line":164,"column":96}},"33":{"start":{"line":165,"column":9},"end":{"line":172,"column":98}},"34":{"start":{"line":166,"column":6},"end":{"line":166,"column":90}},"35":{"start":{"line":167,"column":9},"end":{"line":172,"column":98}},"36":{"start":{"line":167,"column":81},"end":{"line":167,"column":159}},"37":{"start":{"line":168,"column":9},"end":{"line":172,"column":98}},"38":{"start":{"line":168,"column":79},"end":{"line":168,"column":160}},"39":{"start":{"line":169,"column":9},"end":{"line":172,"column":98}},"40":{"start":{"line":170,"column":6},"end":{"line":170,"column":97}},"41":{"start":{"line":171,"column":9},"end":{"line":172,"column":98}},"42":{"start":{"line":172,"column":6},"end":{"line":172,"column":98}},"43":{"start":{"line":184,"column":10},"end":{"line":226,"column":4}},"44":{"start":{"line":185,"column":45},"end":{"line":185,"column":47}},"45":{"start":{"line":188,"column":4},"end":{"line":222,"column":null}},"46":{"start":{"line":189,"column":26},"end":{"line":189,"column":51}},"47":{"start":{"line":191,"column":6},"end":{"line":205,"column":null}},"48":{"start":{"line":191,"column":19},"end":{"line":191,"column":20}},"49":{"start":{"line":192,"column":22},"end":{"line":192,"column":43}},"50":{"start":{"line":193,"column":8},"end":{"line":204,"column":140}},"51":{"start":{"line":194,"column":10},"end":{"line":200,"column":68}},"52":{"start":{"line":194,"column":46},"end":{"line":194,"column":109}},"53":{"start":{"line":195,"column":15},"end":{"line":200,"column":68}},"54":{"start":{"line":195,"column":53},"end":{"line":195,"column":114}},"55":{"start":{"line":196,"column":15},"end":{"line":200,"column":68}},"56":{"start":{"line":196,"column":54},"end":{"line":196,"column":116}},"57":{"start":{"line":197,"column":15},"end":{"line":200,"column":68}},"58":{"start":{"line":197,"column":55},"end":{"line":197,"column":116}},"59":{"start":{"line":198,"column":15},"end":{"line":200,"column":68}},"60":{"start":{"line":198,"column":92},"end":{"line":198,"column":152}},"61":{"start":{"line":199,"column":15},"end":{"line":200,"column":68}},"62":{"start":{"line":199,"column":53},"end":{"line":199,"column":114}},"63":{"start":{"line":200,"column":15},"end":{"line":200,"column":68}},"64":{"start":{"line":201,"column":15},"end":{"line":204,"column":140}},"65":{"start":{"line":202,"column":10},"end":{"line":202,"column":56}},"66":{"start":{"line":203,"column":13},"end":{"line":204,"column":140}},"67":{"start":{"line":204,"column":10},"end":{"line":204,"column":140}},"68":{"start":{"line":207,"column":11},"end":{"line":222,"column":null}},"69":{"start":{"line":208,"column":28},"end":{"line":208,"column":56}},"70":{"start":{"line":210,"column":8},"end":{"line":221,"column":null}},"71":{"start":{"line":210,"column":21},"end":{"line":210,"column":22}},"72":{"start":{"line":211,"column":24},"end":{"line":211,"column":91}},"73":{"start":{"line":211,"column":55},"end":{"line":211,"column":90}},"74":{"start":{"line":212,"column":10},"end":{"line":220,"column":null}},"75":{"start":{"line":213,"column":12},"end":{"line":219,"column":70}},"76":{"start":{"line":213,"column":48},"end":{"line":213,"column":111}},"77":{"start":{"line":214,"column":17},"end":{"line":219,"column":70}},"78":{"start":{"line":214,"column":55},"end":{"line":214,"column":116}},"79":{"start":{"line":215,"column":17},"end":{"line":219,"column":70}},"80":{"start":{"line":215,"column":56},"end":{"line":215,"column":118}},"81":{"start":{"line":216,"column":17},"end":{"line":219,"column":70}},"82":{"start":{"line":216,"column":57},"end":{"line":216,"column":118}},"83":{"start":{"line":217,"column":17},"end":{"line":219,"column":70}},"84":{"start":{"line":217,"column":94},"end":{"line":217,"column":154}},"85":{"start":{"line":218,"column":17},"end":{"line":219,"column":70}},"86":{"start":{"line":218,"column":55},"end":{"line":218,"column":116}},"87":{"start":{"line":219,"column":17},"end":{"line":219,"column":70}},"88":{"start":{"line":224,"column":4},"end":{"line":224,"column":101}},"89":{"start":{"line":225,"column":4},"end":{"line":225,"column":29}},"90":{"start":{"line":243,"column":2},"end":{"line":245,"column":4}},"91":{"start":{"line":244,"column":4},"end":{"line":244,"column":120}},"92":{"start":{"line":244,"column":49},"end":{"line":244,"column":111}},"93":{"start":{"line":263,"column":2},"end":{"line":265,"column":4}},"94":{"start":{"line":264,"column":4},"end":{"line":264,"column":118}},"95":{"start":{"line":264,"column":49},"end":{"line":264,"column":109}},"96":{"start":{"line":283,"column":2},"end":{"line":285,"column":4}},"97":{"start":{"line":284,"column":4},"end":{"line":284,"column":115}},"98":{"start":{"line":284,"column":49},"end":{"line":284,"column":106}},"99":{"start":{"line":302,"column":2},"end":{"line":304,"column":4}},"100":{"start":{"line":303,"column":4},"end":{"line":303,"column":107}},"101":{"start":{"line":303,"column":49},"end":{"line":303,"column":98}},"102":{"start":{"line":324,"column":2},"end":{"line":329,"column":4}},"103":{"start":{"line":325,"column":4},"end":{"line":328,"column":6}},"104":{"start":{"line":326,"column":18},"end":{"line":326,"column":135}},"105":{"start":{"line":348,"column":2},"end":{"line":353,"column":4}},"106":{"start":{"line":349,"column":4},"end":{"line":352,"column":6}},"107":{"start":{"line":350,"column":18},"end":{"line":350,"column":128}},"108":{"start":{"line":371,"column":2},"end":{"line":376,"column":4}},"109":{"start":{"line":372,"column":4},"end":{"line":375,"column":6}},"110":{"start":{"line":373,"column":18},"end":{"line":373,"column":129}},"111":{"start":{"line":392,"column":2},"end":{"line":392,"column":139}},"112":{"start":{"line":392,"column":45},"end":{"line":392,"column":138}},"113":{"start":{"line":392,"column":83},"end":{"line":392,"column":137}},"114":{"start":{"line":408,"column":2},"end":{"line":410,"column":4}},"115":{"start":{"line":409,"column":4},"end":{"line":409,"column":104}},"116":{"start":{"line":409,"column":49},"end":{"line":409,"column":102}},"117":{"start":{"line":425,"column":2},"end":{"line":427,"column":4}},"118":{"start":{"line":426,"column":4},"end":{"line":426,"column":129}},"119":{"start":{"line":426,"column":49},"end":{"line":426,"column":127}},"120":{"start":{"line":443,"column":2},"end":{"line":451,"column":4}},"121":{"start":{"line":444,"column":4},"end":{"line":450,"column":6}},"122":{"start":{"line":446,"column":8},"end":{"line":448,"column":null}},"123":{"start":{"line":448,"column":33},"end":{"line":448,"column":58}},"124":{"start":{"line":471,"column":2},"end":{"line":473,"column":4}},"125":{"start":{"line":472,"column":4},"end":{"line":472,"column":149}},"126":{"start":{"line":472,"column":49},"end":{"line":472,"column":140}},"127":{"start":{"line":76,"column":4},"end":{"line":76,"column":44}},"128":{"start":{"line":77,"column":4},"end":{"line":77,"column":40}},"129":{"start":{"line":78,"column":4},"end":{"line":78,"column":38}},"130":{"start":{"line":79,"column":4},"end":{"line":79,"column":38}},"131":{"start":{"line":80,"column":4},"end":{"line":83,"column":6}},"132":{"start":{"line":85,"column":4},"end":{"line":85,"column":70}},"133":{"start":{"line":85,"column":42},"end":{"line":85,"column":68}},"134":{"start":{"line":87,"column":27},"end":{"line":87,"column":112}},"135":{"start":{"line":87,"column":64},"end":{"line":87,"column":111}},"136":{"start":{"line":88,"column":4},"end":{"line":88,"column":145}},"137":{"start":{"line":88,"column":38},"end":{"line":88,"column":145}},"138":{"start":{"line":476,"column":0},"end":{"line":476,"column":21}}},"fnMap":{"0":{"name":"(anonymous_1)","decl":{"start":{"line":75,"column":2},"end":{"line":75,"column":14}},"loc":{"start":{"line":75,"column":135},"end":{"line":89,"column":3}}},"1":{"name":"(anonymous_2)","decl":{"start":{"line":104,"column":20},"end":{"line":104,"column":25}},"loc":{"start":{"line":104,"column":31},"end":{"line":112,"column":3}}},"2":{"name":"(anonymous_3)","decl":{"start":{"line":105,"column":31},"end":{"line":105,"column":36}},"loc":{"start":{"line":105,"column":47},"end":{"line":110,"column":5}}},"3":{"name":"(anonymous_4)","decl":{"start":{"line":129,"column":48},"end":{"line":129,"column":53}},"loc":{"start":{"line":129,"column":73},"end":{"line":148,"column":3}}},"4":{"name":"(anonymous_5)","decl":{"start":{"line":158,"column":27},"end":{"line":158,"column":28}},"loc":{"start":{"line":158,"column":51},"end":{"line":173,"column":3}}},"5":{"name":"(anonymous_6)","decl":{"start":{"line":184,"column":28},"end":{"line":184,"column":29}},"loc":{"start":{"line":184,"column":83},"end":{"line":226,"column":3}}},"6":{"name":"(anonymous_7)","decl":{"start":{"line":211,"column":48},"end":{"line":211,"column":49}},"loc":{"start":{"line":211,"column":55},"end":{"line":211,"column":90}}},"7":{"name":"(anonymous_8)","decl":{"start":{"line":243,"column":30},"end":{"line":243,"column":35}},"loc":{"start":{"line":243,"column":55},"end":{"line":245,"column":3}}},"8":{"name":"(anonymous_9)","decl":{"start":{"line":244,"column":37},"end":{"line":244,"column":42}},"loc":{"start":{"line":244,"column":49},"end":{"line":244,"column":111}}},"9":{"name":"(anonymous_10)","decl":{"start":{"line":263,"column":26},"end":{"line":263,"column":31}},"loc":{"start":{"line":263,"column":51},"end":{"line":265,"column":3}}},"10":{"name":"(anonymous_11)","decl":{"start":{"line":264,"column":37},"end":{"line":264,"column":42}},"loc":{"start":{"line":264,"column":49},"end":{"line":264,"column":109}}},"11":{"name":"(anonymous_12)","decl":{"start":{"line":283,"column":20},"end":{"line":283,"column":25}},"loc":{"start":{"line":283,"column":45},"end":{"line":285,"column":3}}},"12":{"name":"(anonymous_13)","decl":{"start":{"line":284,"column":37},"end":{"line":284,"column":42}},"loc":{"start":{"line":284,"column":49},"end":{"line":284,"column":106}}},"13":{"name":"(anonymous_14)","decl":{"start":{"line":302,"column":22},"end":{"line":302,"column":27}},"loc":{"start":{"line":302,"column":38},"end":{"line":304,"column":3}}},"14":{"name":"(anonymous_15)","decl":{"start":{"line":303,"column":37},"end":{"line":303,"column":42}},"loc":{"start":{"line":303,"column":49},"end":{"line":303,"column":98}}},"15":{"name":"(anonymous_16)","decl":{"start":{"line":324,"column":44},"end":{"line":324,"column":49}},"loc":{"start":{"line":324,"column":106},"end":{"line":329,"column":3}}},"16":{"name":"(anonymous_17)","decl":{"start":{"line":326,"column":6},"end":{"line":326,"column":11}},"loc":{"start":{"line":326,"column":18},"end":{"line":326,"column":135}}},"17":{"name":"(anonymous_18)","decl":{"start":{"line":348,"column":30},"end":{"line":348,"column":35}},"loc":{"start":{"line":348,"column":92},"end":{"line":353,"column":3}}},"18":{"name":"(anonymous_19)","decl":{"start":{"line":350,"column":6},"end":{"line":350,"column":11}},"loc":{"start":{"line":350,"column":18},"end":{"line":350,"column":128}}},"19":{"name":"(anonymous_20)","decl":{"start":{"line":371,"column":32},"end":{"line":371,"column":37}},"loc":{"start":{"line":371,"column":80},"end":{"line":376,"column":3}}},"20":{"name":"(anonymous_21)","decl":{"start":{"line":373,"column":6},"end":{"line":373,"column":11}},"loc":{"start":{"line":373,"column":18},"end":{"line":373,"column":129}}},"21":{"name":"(anonymous_22)","decl":{"start":{"line":392,"column":28},"end":{"line":392,"column":33}},"loc":{"start":{"line":392,"column":45},"end":{"line":392,"column":138}}},"22":{"name":"(anonymous_23)","decl":{"start":{"line":392,"column":71},"end":{"line":392,"column":76}},"loc":{"start":{"line":392,"column":83},"end":{"line":392,"column":137}}},"23":{"name":"(anonymous_24)","decl":{"start":{"line":408,"column":27},"end":{"line":408,"column":32}},"loc":{"start":{"line":408,"column":43},"end":{"line":410,"column":3}}},"24":{"name":"(anonymous_25)","decl":{"start":{"line":409,"column":37},"end":{"line":409,"column":42}},"loc":{"start":{"line":409,"column":49},"end":{"line":409,"column":102}}},"25":{"name":"(anonymous_26)","decl":{"start":{"line":425,"column":30},"end":{"line":425,"column":35}},"loc":{"start":{"line":425,"column":49},"end":{"line":427,"column":3}}},"26":{"name":"(anonymous_27)","decl":{"start":{"line":426,"column":37},"end":{"line":426,"column":42}},"loc":{"start":{"line":426,"column":49},"end":{"line":426,"column":127}}},"27":{"name":"(anonymous_28)","decl":{"start":{"line":443,"column":32},"end":{"line":443,"column":37}},"loc":{"start":{"line":443,"column":52},"end":{"line":451,"column":3}}},"28":{"name":"(anonymous_29)","decl":{"start":{"line":445,"column":6},"end":{"line":445,"column":11}},"loc":{"start":{"line":446,"column":8},"end":{"line":448,"column":null}}},"29":{"name":"(anonymous_30)","decl":{"start":{"line":448,"column":24},"end":{"line":448,"column":25}},"loc":{"start":{"line":448,"column":33},"end":{"line":448,"column":58}}},"30":{"name":"(anonymous_31)","decl":{"start":{"line":471,"column":42},"end":{"line":471,"column":47}},"loc":{"start":{"line":471,"column":68},"end":{"line":473,"column":3}}},"31":{"name":"(anonymous_32)","decl":{"start":{"line":472,"column":37},"end":{"line":472,"column":42}},"loc":{"start":{"line":472,"column":49},"end":{"line":472,"column":140}}},"32":{"name":"(anonymous_33)","decl":{"start":{"line":85,"column":31},"end":{"line":85,"column":32}},"loc":{"start":{"line":85,"column":42},"end":{"line":85,"column":68}}},"33":{"name":"(anonymous_34)","decl":{"start":{"line":87,"column":53},"end":{"line":87,"column":54}},"loc":{"start":{"line":87,"column":64},"end":{"line":87,"column":111}}}},"branchMap":{"0":{"loc":{"start":{"line":75,"column":38},"end":{"line":75,"column":71}},"type":"default-arg","locations":[{"start":{"line":75,"column":69},"end":{"line":75,"column":71}}]},"1":{"loc":{"start":{"line":75,"column":73},"end":{"line":75,"column":106}},"type":"default-arg","locations":[{"start":{"line":75,"column":104},"end":{"line":75,"column":106}}]},"2":{"loc":{"start":{"line":107,"column":6},"end":{"line":107,"column":45}},"type":"if","locations":[{"start":{"line":107,"column":6},"end":{"line":107,"column":45}}]},"3":{"loc":{"start":{"line":108,"column":6},"end":{"line":108,"column":47}},"type":"if","locations":[{"start":{"line":108,"column":6},"end":{"line":108,"column":47}}]},"4":{"loc":{"start":{"line":129,"column":59},"end":{"line":129,"column":69}},"type":"default-arg","locations":[{"start":{"line":129,"column":67},"end":{"line":129,"column":69}}]},"5":{"loc":{"start":{"line":130,"column":4},"end":{"line":147,"column":null}},"type":"if","locations":[{"start":{"line":130,"column":4},"end":{"line":147,"column":null}},{"start":{"line":145,"column":11},"end":{"line":147,"column":null}}]},"6":{"loc":{"start":{"line":136,"column":6},"end":{"line":143,"column":null}},"type":"if","locations":[{"start":{"line":136,"column":6},"end":{"line":143,"column":null}}]},"7":{"loc":{"start":{"line":136,"column":10},"end":{"line":136,"column":73}},"type":"binary-expr","locations":[{"start":{"line":136,"column":10},"end":{"line":136,"column":39}},{"start":{"line":136,"column":43},"end":{"line":136,"column":73}}]},"8":{"loc":{"start":{"line":159,"column":4},"end":{"line":159,"column":88}},"type":"if","locations":[{"start":{"line":159,"column":4},"end":{"line":159,"column":88}}]},"9":{"loc":{"start":{"line":159,"column":8},"end":{"line":159,"column":79}},"type":"binary-expr","locations":[{"start":{"line":159,"column":8},"end":{"line":159,"column":44}},{"start":{"line":159,"column":48},"end":{"line":159,"column":79}}]},"10":{"loc":{"start":{"line":161,"column":4},"end":{"line":172,"column":98}},"type":"if","locations":[{"start":{"line":161,"column":4},"end":{"line":172,"column":98}},{"start":{"line":163,"column":9},"end":{"line":172,"column":98}}]},"11":{"loc":{"start":{"line":161,"column":8},"end":{"line":161,"column":103}},"type":"binary-expr","locations":[{"start":{"line":161,"column":8},"end":{"line":161,"column":40}},{"start":{"line":161,"column":44},"end":{"line":161,"column":77}},{"start":{"line":161,"column":81},"end":{"line":161,"column":103}}]},"12":{"loc":{"start":{"line":163,"column":9},"end":{"line":172,"column":98}},"type":"if","locations":[{"start":{"line":163,"column":9},"end":{"line":172,"column":98}},{"start":{"line":165,"column":9},"end":{"line":172,"column":98}}]},"13":{"loc":{"start":{"line":163,"column":13},"end":{"line":163,"column":108}},"type":"binary-expr","locations":[{"start":{"line":163,"column":13},"end":{"line":163,"column":45}},{"start":{"line":163,"column":49},"end":{"line":163,"column":82}},{"start":{"line":163,"column":86},"end":{"line":163,"column":108}}]},"14":{"loc":{"start":{"line":165,"column":9},"end":{"line":172,"column":98}},"type":"if","locations":[{"start":{"line":165,"column":9},"end":{"line":172,"column":98}},{"start":{"line":167,"column":9},"end":{"line":172,"column":98}}]},"15":{"loc":{"start":{"line":165,"column":13},"end":{"line":165,"column":84}},"type":"binary-expr","locations":[{"start":{"line":165,"column":13},"end":{"line":165,"column":46}},{"start":{"line":165,"column":50},"end":{"line":165,"column":84}}]},"16":{"loc":{"start":{"line":167,"column":9},"end":{"line":172,"column":98}},"type":"if","locations":[{"start":{"line":167,"column":9},"end":{"line":172,"column":98}},{"start":{"line":168,"column":9},"end":{"line":172,"column":98}}]},"17":{"loc":{"start":{"line":167,"column":13},"end":{"line":167,"column":79}},"type":"binary-expr","locations":[{"start":{"line":167,"column":13},"end":{"line":167,"column":43}},{"start":{"line":167,"column":47},"end":{"line":167,"column":79}}]},"18":{"loc":{"start":{"line":168,"column":9},"end":{"line":172,"column":98}},"type":"if","locations":[{"start":{"line":168,"column":9},"end":{"line":172,"column":98}},{"start":{"line":169,"column":9},"end":{"line":172,"column":98}}]},"19":{"loc":{"start":{"line":168,"column":13},"end":{"line":168,"column":77}},"type":"binary-expr","locations":[{"start":{"line":168,"column":13},"end":{"line":168,"column":44}},{"start":{"line":168,"column":48},"end":{"line":168,"column":77}}]},"20":{"loc":{"start":{"line":169,"column":9},"end":{"line":172,"column":98}},"type":"if","locations":[{"start":{"line":169,"column":9},"end":{"line":172,"column":98}},{"start":{"line":171,"column":9},"end":{"line":172,"column":98}}]},"21":{"loc":{"start":{"line":169,"column":13},"end":{"line":169,"column":108}},"type":"binary-expr","locations":[{"start":{"line":169,"column":13},"end":{"line":169,"column":45}},{"start":{"line":169,"column":49},"end":{"line":169,"column":82}},{"start":{"line":169,"column":86},"end":{"line":169,"column":108}}]},"22":{"loc":{"start":{"line":171,"column":9},"end":{"line":172,"column":98}},"type":"if","locations":[{"start":{"line":171,"column":9},"end":{"line":172,"column":98}}]},"23":{"loc":{"start":{"line":171,"column":13},"end":{"line":171,"column":110}},"type":"binary-expr","locations":[{"start":{"line":171,"column":13},"end":{"line":171,"column":47}},{"start":{"line":171,"column":51},"end":{"line":171,"column":84}},{"start":{"line":171,"column":88},"end":{"line":171,"column":110}}]},"24":{"loc":{"start":{"line":184,"column":54},"end":{"line":184,"column":79}},"type":"default-arg","locations":[{"start":{"line":184,"column":74},"end":{"line":184,"column":79}}]},"25":{"loc":{"start":{"line":188,"column":4},"end":{"line":222,"column":null}},"type":"if","locations":[{"start":{"line":188,"column":4},"end":{"line":222,"column":null}},{"start":{"line":207,"column":11},"end":{"line":222,"column":null}}]},"26":{"loc":{"start":{"line":193,"column":8},"end":{"line":204,"column":140}},"type":"if","locations":[{"start":{"line":193,"column":8},"end":{"line":204,"column":140}},{"start":{"line":201,"column":15},"end":{"line":204,"column":140}}]},"27":{"loc":{"start":{"line":194,"column":10},"end":{"line":200,"column":68}},"type":"if","locations":[{"start":{"line":194,"column":10},"end":{"line":200,"column":68}},{"start":{"line":195,"column":15},"end":{"line":200,"column":68}}]},"28":{"loc":{"start":{"line":195,"column":15},"end":{"line":200,"column":68}},"type":"if","locations":[{"start":{"line":195,"column":15},"end":{"line":200,"column":68}},{"start":{"line":196,"column":15},"end":{"line":200,"column":68}}]},"29":{"loc":{"start":{"line":196,"column":15},"end":{"line":200,"column":68}},"type":"if","locations":[{"start":{"line":196,"column":15},"end":{"line":200,"column":68}},{"start":{"line":197,"column":15},"end":{"line":200,"column":68}}]},"30":{"loc":{"start":{"line":197,"column":15},"end":{"line":200,"column":68}},"type":"if","locations":[{"start":{"line":197,"column":15},"end":{"line":200,"column":68}},{"start":{"line":198,"column":15},"end":{"line":200,"column":68}}]},"31":{"loc":{"start":{"line":198,"column":15},"end":{"line":200,"column":68}},"type":"if","locations":[{"start":{"line":198,"column":15},"end":{"line":200,"column":68}},{"start":{"line":199,"column":15},"end":{"line":200,"column":68}}]},"32":{"loc":{"start":{"line":198,"column":19},"end":{"line":198,"column":90}},"type":"binary-expr","locations":[{"start":{"line":198,"column":19},"end":{"line":198,"column":50}},{"start":{"line":198,"column":54},"end":{"line":198,"column":90}}]},"33":{"loc":{"start":{"line":199,"column":15},"end":{"line":200,"column":68}},"type":"if","locations":[{"start":{"line":199,"column":15},"end":{"line":200,"column":68}},{"start":{"line":200,"column":15},"end":{"line":200,"column":68}}]},"34":{"loc":{"start":{"line":201,"column":15},"end":{"line":204,"column":140}},"type":"if","locations":[{"start":{"line":201,"column":15},"end":{"line":204,"column":140}},{"start":{"line":203,"column":13},"end":{"line":204,"column":140}}]},"35":{"loc":{"start":{"line":203,"column":13},"end":{"line":204,"column":140}},"type":"if","locations":[{"start":{"line":203,"column":13},"end":{"line":204,"column":140}}]},"36":{"loc":{"start":{"line":203,"column":17},"end":{"line":203,"column":44}},"type":"binary-expr","locations":[{"start":{"line":203,"column":17},"end":{"line":203,"column":26}},{"start":{"line":203,"column":30},"end":{"line":203,"column":44}}]},"37":{"loc":{"start":{"line":207,"column":11},"end":{"line":222,"column":null}},"type":"if","locations":[{"start":{"line":207,"column":11},"end":{"line":222,"column":null}}]},"38":{"loc":{"start":{"line":212,"column":10},"end":{"line":220,"column":null}},"type":"if","locations":[{"start":{"line":212,"column":10},"end":{"line":220,"column":null}}]},"39":{"loc":{"start":{"line":213,"column":12},"end":{"line":219,"column":70}},"type":"if","locations":[{"start":{"line":213,"column":12},"end":{"line":219,"column":70}},{"start":{"line":214,"column":17},"end":{"line":219,"column":70}}]},"40":{"loc":{"start":{"line":214,"column":17},"end":{"line":219,"column":70}},"type":"if","locations":[{"start":{"line":214,"column":17},"end":{"line":219,"column":70}},{"start":{"line":215,"column":17},"end":{"line":219,"column":70}}]},"41":{"loc":{"start":{"line":215,"column":17},"end":{"line":219,"column":70}},"type":"if","locations":[{"start":{"line":215,"column":17},"end":{"line":219,"column":70}},{"start":{"line":216,"column":17},"end":{"line":219,"column":70}}]},"42":{"loc":{"start":{"line":216,"column":17},"end":{"line":219,"column":70}},"type":"if","locations":[{"start":{"line":216,"column":17},"end":{"line":219,"column":70}},{"start":{"line":217,"column":17},"end":{"line":219,"column":70}}]},"43":{"loc":{"start":{"line":217,"column":17},"end":{"line":219,"column":70}},"type":"if","locations":[{"start":{"line":217,"column":17},"end":{"line":219,"column":70}},{"start":{"line":218,"column":17},"end":{"line":219,"column":70}}]},"44":{"loc":{"start":{"line":217,"column":21},"end":{"line":217,"column":92}},"type":"binary-expr","locations":[{"start":{"line":217,"column":21},"end":{"line":217,"column":52}},{"start":{"line":217,"column":56},"end":{"line":217,"column":92}}]},"45":{"loc":{"start":{"line":218,"column":17},"end":{"line":219,"column":70}},"type":"if","locations":[{"start":{"line":218,"column":17},"end":{"line":219,"column":70}},{"start":{"line":219,"column":17},"end":{"line":219,"column":70}}]},"46":{"loc":{"start":{"line":224,"column":22},"end":{"line":224,"column":58}},"type":"cond-expr","locations":[{"start":{"line":224,"column":33},"end":{"line":224,"column":44}},{"start":{"line":224,"column":47},"end":{"line":224,"column":58}}]},"47":{"loc":{"start":{"line":324,"column":66},"end":{"line":324,"column":80}},"type":"default-arg","locations":[{"start":{"line":324,"column":75},"end":{"line":324,"column":80}}]},"48":{"loc":{"start":{"line":324,"column":82},"end":{"line":324,"column":102}},"type":"default-arg","locations":[{"start":{"line":324,"column":96},"end":{"line":324,"column":102}}]},"49":{"loc":{"start":{"line":348,"column":52},"end":{"line":348,"column":66}},"type":"default-arg","locations":[{"start":{"line":348,"column":61},"end":{"line":348,"column":66}}]},"50":{"loc":{"start":{"line":348,"column":68},"end":{"line":348,"column":88}},"type":"default-arg","locations":[{"start":{"line":348,"column":82},"end":{"line":348,"column":88}}]},"51":{"loc":{"start":{"line":371,"column":56},"end":{"line":371,"column":76}},"type":"default-arg","locations":[{"start":{"line":371,"column":70},"end":{"line":371,"column":76}}]},"52":{"loc":{"start":{"line":81,"column":13},"end":{"line":81,"column":41}},"type":"binary-expr","locations":[{"start":{"line":81,"column":13},"end":{"line":81,"column":32}},{"start":{"line":81,"column":36},"end":{"line":81,"column":41}}]},"53":{"loc":{"start":{"line":82,"column":11},"end":{"line":82,"column":34}},"type":"binary-expr","locations":[{"start":{"line":82,"column":11},"end":{"line":82,"column":28}},{"start":{"line":82,"column":32},"end":{"line":82,"column":34}}]},"54":{"loc":{"start":{"line":88,"column":4},"end":{"line":88,"column":145}},"type":"if","locations":[{"start":{"line":88,"column":4},"end":{"line":88,"column":145}}]}},"s":{"0":1,"1":1,"2":1,"3":1,"4":1,"5":1,"6":1,"7":1,"8":0,"9":0,"10":0,"11":0,"12":0,"13":0,"14":0,"15":0,"16":1,"17":0,"18":0,"19":0,"20":0,"21":0,"22":0,"23":0,"24":0,"25":0,"26":1,"27":1,"28":1,"29":0,"30":0,"31":0,"32":0,"33":0,"34":0,"35":0,"36":0,"37":0,"38":0,"39":0,"40":0,"41":0,"42":0,"43":1,"44":0,"45":0,"46":0,"47":0,"48":0,"49":0,"50":0,"51":0,"52":0,"53":0,"54":0,"55":0,"56":0,"57":0,"58":0,"59":0,"60":0,"61":0,"62":0,"63":0,"64":0,"65":0,"66":0,"67":0,"68":0,"69":0,"70":0,"71":0,"72":0,"73":0,"74":0,"75":0,"76":0,"77":0,"78":0,"79":0,"80":0,"81":0,"82":0,"83":0,"84":0,"85":0,"86":0,"87":0,"88":0,"89":0,"90":1,"91":0,"92":0,"93":1,"94":0,"95":0,"96":1,"97":0,"98":0,"99":1,"100":0,"101":0,"102":1,"103":0,"104":0,"105":1,"106":0,"107":0,"108":1,"109":0,"110":0,"111":1,"112":0,"113":0,"114":1,"115":0,"116":0,"117":1,"118":0,"119":0,"120":1,"121":0,"122":0,"123":0,"124":1,"125":0,"126":0,"127":1,"128":1,"129":1,"130":1,"131":1,"132":1,"133":1,"134":1,"135":1,"136":1,"137":0,"138":1},"f":{"0":1,"1":0,"2":0,"3":0,"4":1,"5":0,"6":0,"7":0,"8":0,"9":0,"10":0,"11":0,"12":0,"13":0,"14":0,"15":0,"16":0,"17":0,"18":0,"19":0,"20":0,"21":0,"22":0,"23":0,"24":0,"25":0,"26":0,"27":0,"28":0,"29":0,"30":0,"31":0,"32":1,"33":1},"b":{"0":[0],"1":[1],"2":[0],"3":[0],"4":[0],"5":[0,0],"6":[0],"7":[0,0],"8":[1],"9":[1,0],"10":[0,0],"11":[0,0,0],"12":[0,0],"13":[0,0,0],"14":[0,0],"15":[0,0],"16":[0,0],"17":[0,0],"18":[0,0],"19":[0,0],"20":[0,0],"21":[0,0,0],"22":[0],"23":[0,0,0],"24":[0],"25":[0,0],"26":[0,0],"27":[0,0],"28":[0,0],"29":[0,0],"30":[0,0],"31":[0,0],"32":[0,0],"33":[0,0],"34":[0,0],"35":[0],"36":[0,0],"37":[0],"38":[0],"39":[0,0],"40":[0,0],"41":[0,0],"42":[0,0],"43":[0,0],"44":[0,0],"45":[0,0],"46":[0,0],"47":[0],"48":[0],"49":[0],"50":[0],"51":[0],"52":[1,1],"53":[1,1],"54":[0]}}
,"E:\\GitHub\\Mongo-ORM\\src\\QueryBuilder.ts": {"path":"E:\\GitHub\\Mongo-ORM\\src\\QueryBuilder.ts","statementMap":{"0":{"start":{"line":6,"column":0},"end":{"line":6,"column":38}},"1":{"start":{"line":36,"column":2},"end":{"line":38,"column":4}},"2":{"start":{"line":37,"column":4},"end":{"line":37,"column":97}},"3":{"start":{"line":56,"column":2},"end":{"line":58,"column":4}},"4":{"start":{"line":57,"column":4},"end":{"line":57,"column":94}},"5":{"start":{"line":77,"column":2},"end":{"line":79,"column":4}},"6":{"start":{"line":78,"column":4},"end":{"line":78,"column":92}},"7":{"start":{"line":98,"column":2},"end":{"line":100,"column":4}},"8":{"start":{"line":99,"column":4},"end":{"line":99,"column":89}},"9":{"start":{"line":118,"column":2},"end":{"line":120,"column":4}},"10":{"start":{"line":119,"column":4},"end":{"line":119,"column":90}},"11":{"start":{"line":141,"column":2},"end":{"line":146,"column":4}},"12":{"start":{"line":142,"column":19},"end":{"line":144,"column":102}},"13":{"start":{"line":145,"column":4},"end":{"line":145,"column":86}},"14":{"start":{"line":166,"column":2},"end":{"line":169,"column":4}},"15":{"start":{"line":167,"column":19},"end":{"line":167,"column":131}},"16":{"start":{"line":168,"column":4},"end":{"line":168,"column":34}},"17":{"start":{"line":188,"column":2},"end":{"line":191,"column":4}},"18":{"start":{"line":189,"column":19},"end":{"line":189,"column":122}},"19":{"start":{"line":190,"column":4},"end":{"line":190,"column":34}},"20":{"start":{"line":208,"column":2},"end":{"line":211,"column":4}},"21":{"start":{"line":209,"column":19},"end":{"line":209,"column":93}},"22":{"start":{"line":210,"column":4},"end":{"line":210,"column":34}},"23":{"start":{"line":228,"column":2},"end":{"line":231,"column":4}},"24":{"start":{"line":229,"column":19},"end":{"line":229,"column":92}},"25":{"start":{"line":230,"column":4},"end":{"line":230,"column":34}},"26":{"start":{"line":248,"column":2},"end":{"line":254,"column":4}},"27":{"start":{"line":249,"column":19},"end":{"line":249,"column":95}},"28":{"start":{"line":250,"column":4},"end":{"line":253,"column":6}},"29":{"start":{"line":271,"column":2},"end":{"line":274,"column":4}},"30":{"start":{"line":272,"column":19},"end":{"line":272,"column":115}},"31":{"start":{"line":272,"column":110},"end":{"line":272,"column":113}},"32":{"start":{"line":273,"column":4},"end":{"line":273,"column":34}},"33":{"start":{"line":295,"column":2},"end":{"line":299,"column":4}},"34":{"start":{"line":296,"column":20},"end":{"line":296,"column":91}},"35":{"start":{"line":297,"column":4},"end":{"line":298,"column":59}},"36":{"start":{"line":297,"column":17},"end":{"line":297,"column":32}},"37":{"start":{"line":298,"column":9},"end":{"line":298,"column":59}},"38":{"start":{"line":302,"column":0},"end":{"line":302,"column":28}}},"fnMap":{"0":{"name":"(anonymous_1)","decl":{"start":{"line":22,"column":0},"end":{"line":22,"column":6}},"loc":{"start":{"line":22,"column":0},"end":{"line":300,"column":1}}},"1":{"name":"(anonymous_2)","decl":{"start":{"line":36,"column":34},"end":{"line":36,"column":39}},"loc":{"start":{"line":36,"column":72},"end":{"line":38,"column":3}}},"2":{"name":"(anonymous_3)","decl":{"start":{"line":56,"column":44},"end":{"line":56,"column":49}},"loc":{"start":{"line":56,"column":81},"end":{"line":58,"column":3}}},"3":{"name":"(anonymous_4)","decl":{"start":{"line":77,"column":40},"end":{"line":77,"column":45}},"loc":{"start":{"line":77,"column":77},"end":{"line":79,"column":3}}},"4":{"name":"(anonymous_5)","decl":{"start":{"line":98,"column":34},"end":{"line":98,"column":39}},"loc":{"start":{"line":98,"column":71},"end":{"line":100,"column":3}}},"5":{"name":"(anonymous_6)","decl":{"start":{"line":118,"column":36},"end":{"line":118,"column":41}},"loc":{"start":{"line":118,"column":64},"end":{"line":120,"column":3}}},"6":{"name":"(anonymous_7)","decl":{"start":{"line":141,"column":58},"end":{"line":141,"column":63}},"loc":{"start":{"line":141,"column":132},"end":{"line":146,"column":3}}},"7":{"name":"(anonymous_8)","decl":{"start":{"line":166,"column":44},"end":{"line":166,"column":49}},"loc":{"start":{"line":166,"column":118},"end":{"line":169,"column":3}}},"8":{"name":"(anonymous_9)","decl":{"start":{"line":188,"column":46},"end":{"line":188,"column":51}},"loc":{"start":{"line":188,"column":106},"end":{"line":191,"column":3}}},"9":{"name":"(anonymous_10)","decl":{"start":{"line":208,"column":42},"end":{"line":208,"column":47}},"loc":{"start":{"line":208,"column":70},"end":{"line":211,"column":3}}},"10":{"name":"(anonymous_11)","decl":{"start":{"line":228,"column":41},"end":{"line":228,"column":46}},"loc":{"start":{"line":228,"column":69},"end":{"line":231,"column":3}}},"11":{"name":"(anonymous_12)","decl":{"start":{"line":248,"column":44},"end":{"line":248,"column":49}},"loc":{"start":{"line":248,"column":75},"end":{"line":254,"column":3}}},"12":{"name":"(anonymous_13)","decl":{"start":{"line":271,"column":46},"end":{"line":271,"column":51}},"loc":{"start":{"line":271,"column":78},"end":{"line":274,"column":3}}},"13":{"name":"(anonymous_14)","decl":{"start":{"line":272,"column":101},"end":{"line":272,"column":102}},"loc":{"start":{"line":272,"column":110},"end":{"line":272,"column":113}}},"14":{"name":"(anonymous_15)","decl":{"start":{"line":295,"column":56},"end":{"line":295,"column":61}},"loc":{"start":{"line":295,"column":94},"end":{"line":299,"column":3}}}},"branchMap":{"0":{"loc":{"start":{"line":141,"column":92},"end":{"line":141,"column":106}},"type":"default-arg","locations":[{"start":{"line":141,"column":101},"end":{"line":141,"column":106}}]},"1":{"loc":{"start":{"line":141,"column":108},"end":{"line":141,"column":128}},"type":"default-arg","locations":[{"start":{"line":141,"column":122},"end":{"line":141,"column":128}}]},"2":{"loc":{"start":{"line":145,"column":11},"end":{"line":145,"column":85}},"type":"cond-expr","locations":[{"start":{"line":145,"column":34},"end":{"line":145,"column":78}},{"start":{"line":145,"column":81},"end":{"line":145,"column":85}}]},"3":{"loc":{"start":{"line":166,"column":78},"end":{"line":166,"column":92}},"type":"default-arg","locations":[{"start":{"line":166,"column":87},"end":{"line":166,"column":92}}]},"4":{"loc":{"start":{"line":166,"column":94},"end":{"line":166,"column":114}},"type":"default-arg","locations":[{"start":{"line":166,"column":108},"end":{"line":166,"column":114}}]},"5":{"loc":{"start":{"line":188,"column":82},"end":{"line":188,"column":102}},"type":"default-arg","locations":[{"start":{"line":188,"column":96},"end":{"line":188,"column":102}}]},"6":{"loc":{"start":{"line":297,"column":4},"end":{"line":298,"column":59}},"type":"if","locations":[{"start":{"line":297,"column":4},"end":{"line":298,"column":59}},{"start":{"line":298,"column":9},"end":{"line":298,"column":59}}]}},"s":{"0":1,"1":1,"2":0,"3":1,"4":0,"5":1,"6":0,"7":1,"8":0,"9":1,"10":0,"11":1,"12":0,"13":0,"14":1,"15":0,"16":0,"17":1,"18":0,"19":0,"20":1,"21":0,"22":0,"23":1,"24":0,"25":0,"26":1,"27":0,"28":0,"29":1,"30":0,"31":0,"32":0,"33":1,"34":0,"35":0,"36":0,"37":0,"38":1},"f":{"0":1,"1":0,"2":0,"3":0,"4":0,"5":0,"6":0,"7":0,"8":0,"9":0,"10":0,"11":0,"12":0,"13":0,"14":0},"b":{"0":[0],"1":[0],"2":[0,0],"3":[0],"4":[0],"5":[0],"6":[0,0]}}
,"E:\\GitHub\\Mongo-ORM\\src\\index.ts": {"path":"E:\\GitHub\\Mongo-ORM\\src\\index.ts","statementMap":{"0":{"start":{"line":13,"column":0},"end":{"line":13,"column":38}},"1":{"start":{"line":14,"column":0},"end":{"line":14,"column":42}},"2":{"start":{"line":15,"column":0},"end":{"line":15,"column":28}},"3":{"start":{"line":16,"column":0},"end":{"line":16,"column":38}},"4":{"start":{"line":24,"column":38},"end":{"line":29,"column":2}},"5":{"start":{"line":31,"column":0},"end":{"line":31,"column":26}}},"fnMap":{},"branchMap":{},"s":{"0":1,"1":1,"2":1,"3":1,"4":1,"5":1},"f":{},"b":{}}
}
