TN:
SF:src\Connection.ts
FN:47,(anonymous_1)
FN:60,(anonymous_2)
FN:66,(anonymous_3)
FN:101,(anonymous_4)
FN:126,(anonymous_5)
FN:130,(anonymous_6)
FNF:6
FNH:3
FNDA:4,(anonymous_1)
FNDA:4,(anonymous_2)
FNDA:4,(anonymous_3)
FNDA:0,(anonymous_4)
FNDA:0,(anonymous_5)
FNDA:0,(anonymous_6)
DA:7,1
DA:9,1
DA:10,1
DA:11,1
DA:29,1
DA:48,4
DA:49,4
DA:61,4
DA:62,4
DA:63,4
DA:67,4
DA:69,4
DA:70,4
DA:71,4
DA:73,4
DA:74,4
DA:75,4
DA:76,0
DA:78,4
DA:81,0
DA:84,0
DA:102,0
DA:103,0
DA:104,0
DA:105,0
DA:107,0
DA:111,0
DA:127,0
DA:129,0
DA:130,0
DA:131,0
DA:132,0
DA:136,0
DA:140,1
LF:34
LH:19
BRDA:60,0,0,0
BRDA:60,1,0,0
BRDA:73,2,0,4
BRDA:73,2,1,0
BRDA:75,3,0,0
BRDA:75,3,1,4
BRDA:102,4,0,0
BRDA:104,5,0,0
BRDA:104,5,1,0
BRDA:131,6,0,0
BRF:10
BRH:2
end_of_record
TN:
SF:src\FieldTypes.ts
FNF:0
FNH:0
DA:14,1
LF:1
LH:1
BRF:0
BRH:0
end_of_record
TN:
SF:src\Message.ts
FN:15,(anonymous_0)
FNF:1
FNH:1
FNDA:4,(anonymous_0)
DA:15,1
DA:16,4
DA:17,4
DA:18,4
DA:19,4
DA:21,4
DA:24,1
LF:7
LH:7
BRDA:15,0,0,4
BRDA:21,1,0,0
BRDA:21,1,1,4
BRF:3
BRH:2
end_of_record
TN:
SF:src\Model.ts
FN:75,(anonymous_1)
FN:104,(anonymous_2)
FN:105,(anonymous_3)
FN:129,(anonymous_4)
FN:158,(anonymous_5)
FN:184,(anonymous_6)
FN:210,(anonymous_7)
FN:242,(anonymous_8)
FN:243,(anonymous_9)
FN:262,(anonymous_10)
FN:263,(anonymous_11)
FN:282,(anonymous_12)
FN:283,(anonymous_13)
FN:301,(anonymous_14)
FN:302,(anonymous_15)
FN:323,(anonymous_16)
FN:325,(anonymous_17)
FN:347,(anonymous_18)
FN:349,(anonymous_19)
FN:370,(anonymous_20)
FN:372,(anonymous_21)
FN:391,(anonymous_22)
FN:391,(anonymous_23)
FN:407,(anonymous_24)
FN:408,(anonymous_25)
FN:424,(anonymous_26)
FN:425,(anonymous_27)
FN:442,(anonymous_28)
FN:444,(anonymous_29)
FN:447,(anonymous_30)
FN:470,(anonymous_31)
FN:471,(anonymous_32)
FN:85,(anonymous_33)
FN:87,(anonymous_34)
FNF:34
FNH:10
FNDA:2,(anonymous_1)
FNDA:0,(anonymous_2)
FNDA:0,(anonymous_3)
FNDA:2,(anonymous_4)
FNDA:2,(anonymous_5)
FNDA:1,(anonymous_6)
FNDA:0,(anonymous_7)
FNDA:0,(anonymous_8)
FNDA:0,(anonymous_9)
FNDA:1,(anonymous_10)
FNDA:1,(anonymous_11)
FNDA:0,(anonymous_12)
FNDA:0,(anonymous_13)
FNDA:0,(anonymous_14)
FNDA:0,(anonymous_15)
FNDA:0,(anonymous_16)
FNDA:0,(anonymous_17)
FNDA:0,(anonymous_18)
FNDA:0,(anonymous_19)
FNDA:0,(anonymous_20)
FNDA:0,(anonymous_21)
FNDA:0,(anonymous_22)
FNDA:0,(anonymous_23)
FNDA:0,(anonymous_24)
FNDA:0,(anonymous_25)
FNDA:1,(anonymous_26)
FNDA:1,(anonymous_27)
FNDA:0,(anonymous_28)
FNDA:0,(anonymous_29)
FNDA:0,(anonymous_30)
FNDA:0,(anonymous_31)
FNDA:0,(anonymous_32)
FNDA:2,(anonymous_33)
FNDA:2,(anonymous_34)
DA:6,1
DA:7,1
DA:26,1
DA:39,2
DA:46,2
DA:53,2
DA:60,2
DA:76,2
DA:77,2
DA:78,2
DA:79,2
DA:80,2
DA:85,2
DA:87,2
DA:88,2
DA:104,2
DA:105,0
DA:106,0
DA:107,0
DA:108,0
DA:109,0
DA:111,0
DA:129,2
DA:130,2
DA:131,0
DA:132,0
DA:133,0
DA:134,0
DA:136,0
DA:137,0
DA:144,0
DA:146,2
DA:158,2
DA:159,2
DA:161,0
DA:162,0
DA:163,0
DA:164,0
DA:165,0
DA:166,0
DA:167,0
DA:168,0
DA:169,0
DA:170,0
DA:171,0
DA:172,0
DA:184,2
DA:185,1
DA:188,1
DA:189,1
DA:191,1
DA:192,1
DA:193,1
DA:194,1
DA:195,1
DA:196,1
DA:197,1
DA:198,1
DA:199,1
DA:200,1
DA:201,0
DA:202,0
DA:203,0
DA:206,0
DA:207,0
DA:209,0
DA:210,0
DA:211,0
DA:212,0
DA:213,0
DA:214,0
DA:215,0
DA:216,0
DA:217,0
DA:218,0
DA:223,1
DA:224,1
DA:242,2
DA:243,0
DA:262,2
DA:263,1
DA:282,2
DA:283,0
DA:301,2
DA:302,0
DA:323,2
DA:324,0
DA:325,0
DA:347,2
DA:348,0
DA:349,0
DA:370,2
DA:371,0
DA:372,0
DA:391,2
DA:407,2
DA:408,0
DA:424,2
DA:425,1
DA:442,2
DA:443,0
DA:445,0
DA:447,0
DA:470,2
DA:471,0
DA:475,1
LF:106
LH:52
BRDA:75,0,0,0
BRDA:75,1,0,2
BRDA:107,2,0,0
BRDA:108,3,0,0
BRDA:129,4,0,1
BRDA:130,5,0,0
BRDA:130,5,1,2
BRDA:136,6,0,0
BRDA:136,7,0,0
BRDA:136,7,1,0
BRDA:159,8,0,2
BRDA:159,9,0,2
BRDA:159,9,1,0
BRDA:161,10,0,0
BRDA:161,10,1,0
BRDA:161,11,0,0
BRDA:161,11,1,0
BRDA:161,11,2,0
BRDA:163,12,0,0
BRDA:163,12,1,0
BRDA:163,13,0,0
BRDA:163,13,1,0
BRDA:163,13,2,0
BRDA:165,14,0,0
BRDA:165,14,1,0
BRDA:165,15,0,0
BRDA:165,15,1,0
BRDA:167,16,0,0
BRDA:167,16,1,0
BRDA:167,17,0,0
BRDA:167,17,1,0
BRDA:168,18,0,0
BRDA:168,18,1,0
BRDA:168,19,0,0
BRDA:168,19,1,0
BRDA:169,20,0,0
BRDA:169,20,1,0
BRDA:169,21,0,0
BRDA:169,21,1,0
BRDA:169,21,2,0
BRDA:171,22,0,0
BRDA:171,23,0,0
BRDA:171,23,1,0
BRDA:171,23,2,0
BRDA:184,24,0,1
BRDA:188,25,0,1
BRDA:188,25,1,0
BRDA:193,26,0,1
BRDA:193,26,1,0
BRDA:194,27,0,0
BRDA:194,27,1,1
BRDA:195,28,0,0
BRDA:195,28,1,1
BRDA:196,29,0,0
BRDA:196,29,1,1
BRDA:197,30,0,0
BRDA:197,30,1,1
BRDA:198,31,0,0
BRDA:198,31,1,1
BRDA:198,32,0,1
BRDA:198,32,1,0
BRDA:199,33,0,0
BRDA:199,33,1,1
BRDA:201,34,0,0
BRDA:201,34,1,0
BRDA:202,35,0,0
BRDA:202,36,0,0
BRDA:202,36,1,0
BRDA:206,37,0,0
BRDA:211,38,0,0
BRDA:212,39,0,0
BRDA:212,39,1,0
BRDA:213,40,0,0
BRDA:213,40,1,0
BRDA:214,41,0,0
BRDA:214,41,1,0
BRDA:215,42,0,0
BRDA:215,42,1,0
BRDA:216,43,0,0
BRDA:216,43,1,0
BRDA:216,44,0,0
BRDA:216,44,1,0
BRDA:217,45,0,0
BRDA:217,45,1,0
BRDA:223,46,0,0
BRDA:223,46,1,1
BRDA:323,47,0,0
BRDA:323,48,0,0
BRDA:347,49,0,0
BRDA:347,50,0,0
BRDA:370,51,0,0
BRDA:81,52,0,2
BRDA:81,52,1,2
BRDA:82,53,0,2
BRDA:82,53,1,2
BRDA:88,54,0,0
BRF:96
BRH:20
end_of_record
TN:
SF:src\QueryBuilder.ts
FN:22,(anonymous_1)
FN:36,(anonymous_2)
FN:56,(anonymous_3)
FN:78,(anonymous_4)
FN:99,(anonymous_5)
FN:120,(anonymous_6)
FN:143,(anonymous_7)
FN:167,(anonymous_8)
FN:189,(anonymous_9)
FN:209,(anonymous_10)
FN:229,(anonymous_11)
FN:249,(anonymous_12)
FN:272,(anonymous_13)
FN:273,(anonymous_14)
FN:296,(anonymous_15)
FNF:15
FNH:4
FNDA:3,(anonymous_1)
FNDA:0,(anonymous_2)
FNDA:0,(anonymous_3)
FNDA:1,(anonymous_4)
FNDA:1,(anonymous_5)
FNDA:0,(anonymous_6)
FNDA:0,(anonymous_7)
FNDA:0,(anonymous_8)
FNDA:0,(anonymous_9)
FNDA:0,(anonymous_10)
FNDA:0,(anonymous_11)
FNDA:1,(anonymous_12)
FNDA:0,(anonymous_13)
FNDA:0,(anonymous_14)
FNDA:0,(anonymous_15)
DA:6,1
DA:36,3
DA:37,0
DA:56,3
DA:57,0
DA:58,0
DA:78,3
DA:79,1
DA:99,3
DA:100,1
DA:101,1
DA:120,3
DA:121,0
DA:143,3
DA:144,0
DA:167,3
DA:168,0
DA:169,0
DA:189,3
DA:190,0
DA:191,0
DA:209,3
DA:210,0
DA:211,0
DA:229,3
DA:230,0
DA:231,0
DA:249,3
DA:250,1
DA:251,1
DA:272,3
DA:273,0
DA:274,0
DA:296,3
DA:297,0
DA:298,0
DA:299,0
DA:303,1
LF:38
LH:20
BRDA:58,0,0,0
BRDA:58,0,1,0
BRDA:101,1,0,1
BRDA:101,1,1,0
BRDA:143,2,0,0
BRDA:143,3,0,0
BRDA:167,4,0,0
BRDA:167,5,0,0
BRDA:189,6,0,0
BRDA:298,7,0,0
BRDA:298,7,1,0
BRF:11
BRH:1
end_of_record
TN:
SF:src\index.ts
FNF:0
FNH:0
DA:14,1
DA:15,1
DA:16,1
DA:17,1
DA:25,1
DA:33,1
LF:6
LH:6
BRF:0
BRH:0
end_of_record
