TN:
SF:src\Connection.ts
FN:39,(anonymous_1)
FN:42,(anonymous_2)
FN:49,(anonymous_3)
FN:81,(anonymous_4)
FNF:4
FNH:1
FNDA:1,(anonymous_1)
FNDA:0,(anonymous_2)
FNDA:0,(anonymous_3)
FNDA:0,(anonymous_4)
DA:7,1
DA:9,1
DA:10,1
DA:11,1
DA:29,1
DA:40,1
DA:41,1
DA:42,1
DA:43,0
DA:45,0
DA:47,0
DA:48,0
DA:49,0
DA:50,0
DA:51,0
DA:52,0
DA:53,0
DA:56,0
DA:58,0
DA:59,0
DA:61,0
DA:63,0
DA:64,0
DA:82,0
DA:83,0
DA:84,0
DA:85,0
DA:87,0
DA:91,0
DA:95,1
LF:30
LH:9
BRDA:40,0,0,1
BRDA:40,0,1,0
BRDA:41,1,0,1
BRDA:41,1,1,0
BRDA:45,2,0,0
BRDA:45,2,1,0
BRDA:52,3,0,0
BRDA:58,4,0,0
BRDA:58,4,1,0
BRDA:82,5,0,0
BRDA:84,6,0,0
BRDA:84,6,1,0
BRF:12
BRH:2
end_of_record
TN:
SF:src\FieldTypes.ts
FNF:0
FNH:0
DA:14,1
LF:1
LH:1
BRF:0
BRH:0
end_of_record
TN:
SF:src\Message.ts
FN:15,(anonymous_0)
FNF:1
FNH:0
FNDA:0,(anonymous_0)
DA:15,1
DA:16,0
DA:17,0
DA:18,0
DA:19,0
DA:21,0
DA:24,1
LF:7
LH:2
BRDA:15,0,0,0
BRDA:21,1,0,0
BRDA:21,1,1,0
BRF:3
BRH:0
end_of_record
TN:
SF:src\Model.ts
FN:75,(anonymous_1)
FN:104,(anonymous_2)
FN:105,(anonymous_3)
FN:129,(anonymous_4)
FN:158,(anonymous_5)
FN:184,(anonymous_6)
FN:211,(anonymous_7)
FN:243,(anonymous_8)
FN:244,(anonymous_9)
FN:263,(anonymous_10)
FN:264,(anonymous_11)
FN:283,(anonymous_12)
FN:284,(anonymous_13)
FN:302,(anonymous_14)
FN:303,(anonymous_15)
FN:324,(anonymous_16)
FN:326,(anonymous_17)
FN:348,(anonymous_18)
FN:350,(anonymous_19)
FN:371,(anonymous_20)
FN:373,(anonymous_21)
FN:392,(anonymous_22)
FN:392,(anonymous_23)
FN:408,(anonymous_24)
FN:409,(anonymous_25)
FN:425,(anonymous_26)
FN:426,(anonymous_27)
FN:443,(anonymous_28)
FN:445,(anonymous_29)
FN:448,(anonymous_30)
FN:471,(anonymous_31)
FN:472,(anonymous_32)
FN:85,(anonymous_33)
FN:87,(anonymous_34)
FNF:34
FNH:4
FNDA:1,(anonymous_1)
FNDA:0,(anonymous_2)
FNDA:0,(anonymous_3)
FNDA:0,(anonymous_4)
FNDA:1,(anonymous_5)
FNDA:0,(anonymous_6)
FNDA:0,(anonymous_7)
FNDA:0,(anonymous_8)
FNDA:0,(anonymous_9)
FNDA:0,(anonymous_10)
FNDA:0,(anonymous_11)
FNDA:0,(anonymous_12)
FNDA:0,(anonymous_13)
FNDA:0,(anonymous_14)
FNDA:0,(anonymous_15)
FNDA:0,(anonymous_16)
FNDA:0,(anonymous_17)
FNDA:0,(anonymous_18)
FNDA:0,(anonymous_19)
FNDA:0,(anonymous_20)
FNDA:0,(anonymous_21)
FNDA:0,(anonymous_22)
FNDA:0,(anonymous_23)
FNDA:0,(anonymous_24)
FNDA:0,(anonymous_25)
FNDA:0,(anonymous_26)
FNDA:0,(anonymous_27)
FNDA:0,(anonymous_28)
FNDA:0,(anonymous_29)
FNDA:0,(anonymous_30)
FNDA:0,(anonymous_31)
FNDA:0,(anonymous_32)
FNDA:1,(anonymous_33)
FNDA:1,(anonymous_34)
DA:6,1
DA:7,1
DA:26,1
DA:39,1
DA:46,1
DA:53,1
DA:60,1
DA:76,1
DA:77,1
DA:78,1
DA:79,1
DA:80,1
DA:85,1
DA:87,1
DA:88,1
DA:104,1
DA:105,0
DA:106,0
DA:107,0
DA:108,0
DA:109,0
DA:111,0
DA:129,1
DA:130,0
DA:131,0
DA:132,0
DA:133,0
DA:134,0
DA:136,0
DA:137,0
DA:144,0
DA:146,0
DA:158,1
DA:159,1
DA:161,0
DA:162,0
DA:163,0
DA:164,0
DA:165,0
DA:166,0
DA:167,0
DA:168,0
DA:169,0
DA:170,0
DA:171,0
DA:172,0
DA:184,1
DA:185,0
DA:188,0
DA:189,0
DA:191,0
DA:192,0
DA:193,0
DA:194,0
DA:195,0
DA:196,0
DA:197,0
DA:198,0
DA:199,0
DA:200,0
DA:201,0
DA:202,0
DA:203,0
DA:204,0
DA:207,0
DA:208,0
DA:210,0
DA:211,0
DA:212,0
DA:213,0
DA:214,0
DA:215,0
DA:216,0
DA:217,0
DA:218,0
DA:219,0
DA:224,0
DA:225,0
DA:243,1
DA:244,0
DA:263,1
DA:264,0
DA:283,1
DA:284,0
DA:302,1
DA:303,0
DA:324,1
DA:325,0
DA:326,0
DA:348,1
DA:349,0
DA:350,0
DA:371,1
DA:372,0
DA:373,0
DA:392,1
DA:408,1
DA:409,0
DA:425,1
DA:426,0
DA:443,1
DA:444,0
DA:446,0
DA:448,0
DA:471,1
DA:472,0
DA:476,1
LF:107
LH:33
BRDA:75,0,0,0
BRDA:75,1,0,1
BRDA:107,2,0,0
BRDA:108,3,0,0
BRDA:129,4,0,0
BRDA:130,5,0,0
BRDA:130,5,1,0
BRDA:136,6,0,0
BRDA:136,7,0,0
BRDA:136,7,1,0
BRDA:159,8,0,1
BRDA:159,9,0,1
BRDA:159,9,1,0
BRDA:161,10,0,0
BRDA:161,10,1,0
BRDA:161,11,0,0
BRDA:161,11,1,0
BRDA:161,11,2,0
BRDA:163,12,0,0
BRDA:163,12,1,0
BRDA:163,13,0,0
BRDA:163,13,1,0
BRDA:163,13,2,0
BRDA:165,14,0,0
BRDA:165,14,1,0
BRDA:165,15,0,0
BRDA:165,15,1,0
BRDA:167,16,0,0
BRDA:167,16,1,0
BRDA:167,17,0,0
BRDA:167,17,1,0
BRDA:168,18,0,0
BRDA:168,18,1,0
BRDA:168,19,0,0
BRDA:168,19,1,0
BRDA:169,20,0,0
BRDA:169,20,1,0
BRDA:169,21,0,0
BRDA:169,21,1,0
BRDA:169,21,2,0
BRDA:171,22,0,0
BRDA:171,23,0,0
BRDA:171,23,1,0
BRDA:171,23,2,0
BRDA:184,24,0,0
BRDA:188,25,0,0
BRDA:188,25,1,0
BRDA:193,26,0,0
BRDA:193,26,1,0
BRDA:194,27,0,0
BRDA:194,27,1,0
BRDA:195,28,0,0
BRDA:195,28,1,0
BRDA:196,29,0,0
BRDA:196,29,1,0
BRDA:197,30,0,0
BRDA:197,30,1,0
BRDA:198,31,0,0
BRDA:198,31,1,0
BRDA:198,32,0,0
BRDA:198,32,1,0
BRDA:199,33,0,0
BRDA:199,33,1,0
BRDA:201,34,0,0
BRDA:201,34,1,0
BRDA:203,35,0,0
BRDA:203,36,0,0
BRDA:203,36,1,0
BRDA:207,37,0,0
BRDA:212,38,0,0
BRDA:213,39,0,0
BRDA:213,39,1,0
BRDA:214,40,0,0
BRDA:214,40,1,0
BRDA:215,41,0,0
BRDA:215,41,1,0
BRDA:216,42,0,0
BRDA:216,42,1,0
BRDA:217,43,0,0
BRDA:217,43,1,0
BRDA:217,44,0,0
BRDA:217,44,1,0
BRDA:218,45,0,0
BRDA:218,45,1,0
BRDA:224,46,0,0
BRDA:224,46,1,0
BRDA:324,47,0,0
BRDA:324,48,0,0
BRDA:348,49,0,0
BRDA:348,50,0,0
BRDA:371,51,0,0
BRDA:81,52,0,1
BRDA:81,52,1,1
BRDA:82,53,0,1
BRDA:82,53,1,1
BRDA:88,54,0,0
BRF:96
BRH:7
end_of_record
TN:
SF:src\QueryBuilder.ts
FN:22,(anonymous_1)
FN:36,(anonymous_2)
FN:56,(anonymous_3)
FN:77,(anonymous_4)
FN:98,(anonymous_5)
FN:118,(anonymous_6)
FN:141,(anonymous_7)
FN:166,(anonymous_8)
FN:188,(anonymous_9)
FN:208,(anonymous_10)
FN:228,(anonymous_11)
FN:248,(anonymous_12)
FN:271,(anonymous_13)
FN:272,(anonymous_14)
FN:295,(anonymous_15)
FNF:15
FNH:1
FNDA:1,(anonymous_1)
FNDA:0,(anonymous_2)
FNDA:0,(anonymous_3)
FNDA:0,(anonymous_4)
FNDA:0,(anonymous_5)
FNDA:0,(anonymous_6)
FNDA:0,(anonymous_7)
FNDA:0,(anonymous_8)
FNDA:0,(anonymous_9)
FNDA:0,(anonymous_10)
FNDA:0,(anonymous_11)
FNDA:0,(anonymous_12)
FNDA:0,(anonymous_13)
FNDA:0,(anonymous_14)
FNDA:0,(anonymous_15)
DA:6,1
DA:36,1
DA:37,0
DA:56,1
DA:57,0
DA:77,1
DA:78,0
DA:98,1
DA:99,0
DA:118,1
DA:119,0
DA:141,1
DA:142,0
DA:145,0
DA:166,1
DA:167,0
DA:168,0
DA:188,1
DA:189,0
DA:190,0
DA:208,1
DA:209,0
DA:210,0
DA:228,1
DA:229,0
DA:230,0
DA:248,1
DA:249,0
DA:250,0
DA:271,1
DA:272,0
DA:273,0
DA:295,1
DA:296,0
DA:297,0
DA:298,0
DA:302,1
LF:37
LH:15
BRDA:141,0,0,0
BRDA:141,1,0,0
BRDA:145,2,0,0
BRDA:145,2,1,0
BRDA:166,3,0,0
BRDA:166,4,0,0
BRDA:188,5,0,0
BRDA:297,6,0,0
BRDA:297,6,1,0
BRF:9
BRH:0
end_of_record
TN:
SF:src\index.ts
FNF:0
FNH:0
DA:13,1
DA:14,1
DA:15,1
DA:16,1
DA:24,1
DA:31,1
LF:6
LH:6
BRF:0
BRH:0
end_of_record
